w:\universty\projects\ds\railway\railway\x64\debug\vc143.pdb
w:\universty\projects\ds\railway\railway\x64\debug\passenger.obj
w:\universty\projects\ds\railway\railway\x64\debug\.netframework,version=v4.7.2.assemblyattributes.obj
w:\universty\projects\ds\railway\railway\x64\debug\registeration.obj
w:\universty\projects\ds\railway\railway\x64\debug\user.obj
w:\universty\projects\ds\railway\railway\x64\debug\ticket.obj
w:\universty\projects\ds\railway\railway\x64\debug\signin.obj
w:\universty\projects\ds\railway\railway\x64\debug\backend.obj
w:\universty\projects\ds\railway\x64\debug\railway.exe
w:\universty\projects\ds\railway\x64\debug\railway.pdb
w:\universty\projects\ds\railway\railway\x64\debug\railway.tlog\cl.command.1.tlog
w:\universty\projects\ds\railway\railway\x64\debug\railway.tlog\cl.read.1.tlog
w:\universty\projects\ds\railway\railway\x64\debug\railway.tlog\cl.write.1.tlog
w:\universty\projects\ds\railway\railway\x64\debug\railway.tlog\link.command.1.tlog
w:\universty\projects\ds\railway\railway\x64\debug\railway.tlog\link.read.1.tlog
w:\universty\projects\ds\railway\railway\x64\debug\railway.tlog\link.write.1.tlog
w:\universty\projects\ds\railway\railway\x64\debug\railway.tlog\metagen.read.1.tlog
w:\universty\projects\ds\railway\railway\x64\debug\railway.tlog\metagen.write.1.tlog
w:\universty\projects\ds\railway\railway\x64\debug\railway.tlog\resgen.command.1.tlog
w:\universty\projects\ds\railway\railway\x64\debug\railway.tlog\resgen.read.1.tlog
w:\universty\projects\ds\railway\railway\x64\debug\railway.tlog\resgen.write.1.tlog
